<?xml version="1.0" encoding="UTF-8"?>
<!-- Generated by org.testng.reporters.JUnitXMLReporter -->
<testsuite hostname="Sushant.local" ignored="0" name="setup" tests="2" failures="1" timestamp="12 Jan 2017 06:23:35 GMT" time="154.931" errors="0">
  <testcase name="Signup_success" time="92.94" classname="luckystars.setup">
    <failure type="org.openqa.selenium.NoSuchElementException" message="An element could not be located on the page using the given search parameters. (WARNING: The server did not provide any stacktrace information)
Command duration or timeout: 60.42 seconds
For documentation on this error, please visit: http://seleniumhq.org/exceptions/no_such_element.html
Build info: version: &amp;apos;2.46.0&amp;apos;, revision: &amp;apos;87c69e2&amp;apos;, time: &amp;apos;2015-06-04 16:17:10&amp;apos;
System info: host: &amp;apos;Sushant.local&amp;apos;, ip: &amp;apos;192.168.0.175&amp;apos;, os.name: &amp;apos;Mac OS X&amp;apos;, os.arch: &amp;apos;x86_64&amp;apos;, os.version: &amp;apos;10.12.1&amp;apos;, java.version: &amp;apos;1.8.0_65&amp;apos;
Driver info: io.appium.java_client.android.AndroidDriver
Capabilities [{app=/Users/Desktop/LuckyStars.apk, networkConnectionEnabled=true, warnings={}, databaseEnabled=false, deviceName=ZY222W9V5J, platform=LINUX, desired={app=/Users/Desktop/LuckyStars.apk, appium-version=1.4, platformVersion=4.3, platformName=Android, deviceName=ZY222W9V5J}, appium-version=1.4, platformVersion=6.0.1, webStorageEnabled=false, locationContextEnabled=false, browserName=Android, takesScreenshot=true, javascriptEnabled=true, platformName=Android}]
Session ID: 94e36595-a1f6-4c1b-b858-c198546054eb
*** Element info: {Using=id, value=in.interactive.luckystars:id/et_first_name}">
      <![CDATA[org.openqa.selenium.NoSuchElementException: An element could not be located on the page using the given search parameters. (WARNING: The server did not provide any stacktrace information)
Command duration or timeout: 60.42 seconds
For documentation on this error, please visit: http://seleniumhq.org/exceptions/no_such_element.html
Build info: version: '2.46.0', revision: '87c69e2', time: '2015-06-04 16:17:10'
System info: host: 'Sushant.local', ip: '192.168.0.175', os.name: 'Mac OS X', os.arch: 'x86_64', os.version: '10.12.1', java.version: '1.8.0_65'
Driver info: io.appium.java_client.android.AndroidDriver
Capabilities [{app=/Users/Desktop/LuckyStars.apk, networkConnectionEnabled=true, warnings={}, databaseEnabled=false, deviceName=ZY222W9V5J, platform=LINUX, desired={app=/Users/Desktop/LuckyStars.apk, appium-version=1.4, platformVersion=4.3, platformName=Android, deviceName=ZY222W9V5J}, appium-version=1.4, platformVersion=6.0.1, webStorageEnabled=false, locationContextEnabled=false, browserName=Android, takesScreenshot=true, javascriptEnabled=true, platformName=Android}]
Session ID: 94e36595-a1f6-4c1b-b858-c198546054eb
*** Element info: {Using=id, value=in.interactive.luckystars:id/et_first_name}
	at org.openqa.selenium.remote.ErrorHandler.createThrowable(ErrorHandler.java:204)
	at org.openqa.selenium.remote.ErrorHandler.throwIfResponseFailed(ErrorHandler.java:156)
	at org.openqa.selenium.remote.RemoteWebDriver.execute(RemoteWebDriver.java:605)
	at io.appium.java_client.AppiumDriver.execute(AppiumDriver.java:176)
	at org.openqa.selenium.remote.RemoteWebDriver.findElement(RemoteWebDriver.java:358)
	at org.openqa.selenium.remote.RemoteWebDriver.findElementById(RemoteWebDriver.java:399)
	at org.openqa.selenium.By$ById.findElement(By.java:215)
	at org.openqa.selenium.remote.RemoteWebDriver.findElement(RemoteWebDriver.java:350)
	at luckystars.setup.Signup_success(setup.java:61)
... Removed 29 stack frames]]>
    </failure>
  </testcase> <!-- Signup_success -->
  <testcase name="takeScreenShot" time="1.973" classname="luckystars.setup"/>
</testsuite> <!-- setup -->
